0 verbose cli /usr/local/bin/node /usr/local/bin/npm
1 info using npm@9.6.3
2 info using node@v18.15.0
3 timing npm:load:whichnode Completed in 7ms
4 timing config:load:defaults Completed in 89ms
5 timing config:load:file:/usr/local/lib/node_modules/npm/npmrc Completed in 102ms
6 timing config:load:builtin Completed in 103ms
7 timing config:load:cli Completed in 10ms
8 timing config:load:env Completed in 1ms
9 timing config:load:project Completed in 1ms
10 timing config:load:file:/home/container/.npmrc Completed in 0ms
11 timing config:load:user Completed in 1ms
12 timing config:load:file:/usr/local/etc/npmrc Completed in 0ms
13 timing config:load:global Completed in 0ms
14 timing config:load:setEnvs Completed in 2ms
15 timing config:load Completed in 207ms
16 timing npm:load:configload Completed in 207ms
17 timing npm:load:mkdirpcache Completed in 0ms
18 timing npm:load:mkdirplogs Completed in 1ms
19 verbose title npm install
20 verbose argv "install"
21 timing npm:load:setTitle Completed in 2ms
22 timing config:load:flatten Completed in 4ms
23 timing npm:load:display Completed in 6ms
24 verbose logfile logs-max:10 dir:/home/container/.npm/_logs/2023-04-04T07_42_21_573Z-
25 verbose logfile /home/container/.npm/_logs/2023-04-04T07_42_21_573Z-debug-0.log
26 timing npm:load:logFile Completed in 109ms
27 timing npm:load:timers Completed in 0ms
28 timing npm:load:configScope Completed in 0ms
29 timing npm:load Completed in 333ms
30 timing arborist:ctor Completed in 1ms
31 silly logfile start cleaning logs, removing 1 files
32 silly logfile done cleaning log files
33 timing idealTree:init Completed in 1237ms
34 timing idealTree:userRequests Completed in 1ms
35 silly idealTree buildDeps
36 timing idealTree:#root Completed in 1ms
37 timing idealTree:buildDeps Completed in 6ms
38 timing idealTree:fixDepFlags Completed in 0ms
39 timing idealTree Completed in 1254ms
40 timing arborist:ctor Completed in 0ms
41 timing reify:loadTrees Completed in 1895ms
42 timing reify:diffTrees Completed in 27ms
43 silly reify moves {}
44 timing reify:retireShallow Completed in 2ms
45 timing reify:createSparse Completed in 3ms
46 timing reify:loadBundles Completed in 0ms
47 silly audit bulk request {
47 silly audit   'ansi-colors': [ '4.1.1' ],
47 silly audit   'ansi-regex': [ '3.0.0', '4.1.0' ],
47 silly audit   'ansi-styles': [ '4.3.0', '3.2.1' ],
47 silly audit   anymatch: [ '3.1.1' ],
47 silly audit   argparse: [ '1.0.10' ],
47 silly audit   'array.prototype.map': [ '1.0.2' ],
47 silly audit   async: [ '1.0.0' ],
47 silly audit   'async-cache': [ '1.1.0' ],
47 silly audit   'balanced-match': [ '1.0.0' ],
47 silly audit   'base64-js': [ '1.3.1' ],
47 silly audit   'binary-extensions': [ '2.1.0' ],
47 silly audit   bl: [ '4.0.3' ],
47 silly audit   inherits: [ '2.0.4', '2.0.3' ],
47 silly audit   'readable-stream': [ '3.6.0', '1.1.14' ],
47 silly audit   string_decoder: [ '1.3.0', '0.10.31' ],
47 silly audit   'brace-expansion': [ '1.1.11' ],
47 silly audit   braces: [ '3.0.2' ],
47 silly audit   'browser-stdout': [ '1.3.1' ],
47 silly audit   buffer: [ '5.6.0' ],
47 silly audit   'buffer-writer': [ '2.0.0' ],
47 silly audit   busboy: [ '0.2.4' ],
47 silly audit   camelcase: [ '5.3.1' ],
47 silly audit   chalk: [ '4.1.0' ],
47 silly audit   chokidar: [ '3.4.2' ],
47 silly audit   cliui: [ '5.0.0' ],
47 silly audit   'string-width': [ '3.1.0', '2.1.1' ],
47 silly audit   'strip-ansi': [ '5.2.0', '4.0.0' ],
47 silly audit   'color-convert': [ '2.0.1', '1.9.3' ],
47 silly audit   'color-name': [ '1.1.4', '1.1.3' ],
47 silly audit   colors: [ '1.0.3' ],
47 silly audit   'concat-map': [ '0.0.1' ],
47 silly audit   connect: [ '3.7.0' ],
47 silly audit   'connect-ratelimit': [ '0.0.7' ],
47 silly audit   'connect-route': [ '0.1.5' ],
47 silly audit   'core-util-is': [ '1.0.2' ],
47 silly audit   cycle: [ '1.0.3' ],
47 silly audit   debug: [ '2.6.9', '4.1.1' ],
47 silly audit   decamelize: [ '1.2.0' ],
47 silly audit   'define-properties': [ '1.1.3' ],
47 silly audit   dicer: [ '0.2.3' ],
47 silly audit   diff: [ '4.0.2' ],
47 silly audit   'ee-first': [ '1.1.1' ],
47 silly audit   'emoji-regex': [ '7.0.3' ],
47 silly audit   encodeurl: [ '1.0.2' ],
47 silly audit   'es-abstract': [ '1.17.7', '1.18.0-next.1' ],
47 silly audit   'object.assign': [ '4.1.1', '4.1.0' ],
47 silly audit   'es-array-method-boxes-properly': [ '1.0.0' ],
47 silly audit   'es-get-iterator': [ '1.1.0' ],
47 silly audit   isarray: [ '2.0.5', '0.0.1' ],
47 silly audit   'es-to-primitive': [ '1.2.1' ],
47 silly audit   'escape-html': [ '1.0.3' ],
47 silly audit   'escape-string-regexp': [ '4.0.0' ],
47 silly audit   esprima: [ '4.0.1' ],
47 silly audit   eyes: [ '0.1.8' ],
47 silly audit   fd: [ '0.0.3' ],
47 silly audit   'fill-range': [ '7.0.1' ],
47 silly audit   finalhandler: [ '1.1.2' ],
47 silly audit   'find-up': [ '5.0.0', '3.0.0' ],
47 silly audit   flat: [ '4.1.0' ],
47 silly audit   'fs.realpath': [ '1.0.0' ],
47 silly audit   fsevents: [ '2.1.3' ],
47 silly audit   'function-bind': [ '1.1.1' ],
47 silly audit   'get-caller-file': [ '2.0.5' ],
47 silly audit   glob: [ '7.1.6' ],
47 silly audit   'glob-parent': [ '5.1.2' ],
47 silly audit   'graceful-fs': [ '4.2.4' ],
47 silly audit   growl: [ '1.10.5' ],
47 silly audit   has: [ '1.0.3' ],
47 silly audit   'has-flag': [ '4.0.0' ],
47 silly audit   'has-symbols': [ '1.0.1' ],
47 silly audit   he: [ '1.2.0' ],
47 silly audit   ieee754: [ '1.1.13' ],
47 silly audit   inflight: [ '1.0.6' ],
47 silly audit   'is-arguments': [ '1.0.4' ],
47 silly audit   'is-binary-path': [ '2.1.0' ],
47 silly audit   'is-buffer': [ '2.0.4' ],
47 silly audit   'is-callable': [ '1.2.2' ],
47 silly audit   'is-date-object': [ '1.0.2' ],
47 silly audit   'is-extglob': [ '2.1.1' ],
47 silly audit   'is-fullwidth-code-point': [ '2.0.0' ],
47 silly audit   'is-glob': [ '4.0.1' ],
47 silly audit   'is-map': [ '2.0.1' ],
47 silly audit   'is-negative-zero': [ '2.0.0' ],
47 silly audit   'is-number': [ '7.0.0' ],
47 silly audit   'is-plain-obj': [ '1.1.0' ],
47 silly audit   'is-regex': [ '1.1.1' ],
47 silly audit   'is-set': [ '2.0.1' ],
47 silly audit   'is-string': [ '1.0.5' ],
47 silly audit   'is-symbol': [ '1.0.3' ],
47 silly audit   isexe: [ '2.0.0' ],
47 silly audit   isstream: [ '0.1.2' ],
47 silly audit   'iterate-iterator': [ '1.0.1' ],
47 silly audit   'iterate-value': [ '1.0.2' ],
47 silly audit   'js-yaml': [ '3.14.0' ],
47 silly audit   'locate-path': [ '6.0.0', '3.0.0' ],
47 silly audit   'log-symbols': [ '4.0.0' ],
47 silly audit   'lru-cache': [ '4.1.5' ],
47 silly audit   mime: [ '2.4.6' ],
47 silly audit   minimatch: [ '3.0.4' ],
47 silly audit   mocha: [ '8.1.3' ],
47 silly audit   ms: [ '2.1.2', '2.0.0' ],
47 silly audit   'supports-color': [ '7.1.0', '7.2.0' ],
47 silly audit   negotiator: [ '0.6.2' ],
47 silly audit   'normalize-path': [ '3.0.0' ],
47 silly audit   'object-inspect': [ '1.8.0' ],
47 silly audit   'object-keys': [ '1.1.1' ],
47 silly audit   'on-finished': [ '2.3.0' ],
47 silly audit   once: [ '1.4.0' ],
47 silly audit   'p-limit': [ '3.0.2', '2.3.0' ],
47 silly audit   'p-locate': [ '5.0.0', '3.0.0' ],
47 silly audit   'p-try': [ '2.2.0' ],
47 silly audit   'packet-reader': [ '1.0.0' ],
47 silly audit   parseurl: [ '1.3.3' ],
47 silly audit   'path-exists': [ '4.0.0', '3.0.0' ],
47 silly audit   'path-is-absolute': [ '1.0.1' ],
47 silly audit   pg: [ '8.4.0' ],
47 silly audit   'pg-connection-string': [ '2.4.0' ],
47 silly audit   'pg-int8': [ '1.0.1' ],
47 silly audit   'pg-pool': [ '3.2.1' ],
47 silly audit   'pg-protocol': [ '1.3.0' ],
47 silly audit   'pg-types': [ '2.2.0' ],
47 silly audit   pgpass: [ '1.0.2' ],
47 silly audit   picomatch: [ '2.2.2' ],
47 silly audit   'postgres-array': [ '2.0.0' ],
47 silly audit   'postgres-bytea': [ '1.0.0' ],
47 silly audit   'postgres-date': [ '1.0.7' ],
47 silly audit   'postgres-interval': [ '1.2.0' ],
47 silly audit   'promise.allsettled': [ '1.0.2' ],
47 silly audit   pseudomap: [ '1.0.2' ],
47 silly audit   randombytes: [ '2.1.0' ],
47 silly audit   readdirp: [ '3.4.0' ],
47 silly audit   redis: [ '0.8.1' ],
47 silly audit   'redis-url': [ '0.1.0' ],
47 silly audit   'require-directory': [ '2.1.1' ],
47 silly audit   'require-main-filename': [ '2.0.0' ],
47 silly audit   'safe-buffer': [ '5.2.1' ],
47 silly audit   'serialize-javascript': [ '4.0.0' ],
47 silly audit   'set-blocking': [ '2.0.0' ],
47 silly audit   'source-map': [ '0.6.1' ],
47 silly audit   split: [ '1.0.1' ],
47 silly audit   'sprintf-js': [ '1.0.3' ],
47 silly audit   st: [ '2.0.0' ],
47 silly audit   'stack-trace': [ '0.0.10' ],
47 silly audit   statuses: [ '1.5.0' ],
47 silly audit   streamsearch: [ '0.1.2' ],
47 silly audit   'string.prototype.trimend': [ '1.0.1' ],
47 silly audit   'string.prototype.trimstart': [ '1.0.1' ],
47 silly audit   'strip-json-comments': [ '3.0.1' ],
47 silly audit   through: [ '2.3.8' ],
47 silly audit   'to-regex-range': [ '5.0.1' ],
47 silly audit   'uglify-js': [ '3.1.6' ],
47 silly audit   commander: [ '2.11.0' ],
47 silly audit   unpipe: [ '1.0.0' ],
47 silly audit   'util-deprecate': [ '1.0.2' ],
47 silly audit   'utils-merge': [ '1.0.1' ],
47 silly audit   which: [ '2.0.2' ],
47 silly audit   'which-module': [ '2.0.0' ],
47 silly audit   'wide-align': [ '1.1.3' ],
47 silly audit   winston: [ '2.4.5' ],
47 silly audit   workerpool: [ '6.0.0' ],
47 silly audit   'wrap-ansi': [ '5.1.0' ],
47 silly audit   wrappy: [ '1.0.2' ],
47 silly audit   xtend: [ '4.0.2' ],
47 silly audit   y18n: [ '4.0.3' ],
47 silly audit   yallist: [ '2.1.2' ],
47 silly audit   yargs: [ '13.3.2', '14.2.3' ],
47 silly audit   'yargs-parser': [ '13.1.2', '15.0.1' ],
47 silly audit   'yargs-unparser': [ '1.6.1' ]
47 silly audit }
48 verbose reify failed optional dependency /home/container/node_modules/fsevents
49 silly reify mark deleted [ '/home/container/node_modules/fsevents' ]
50 timing reifyNode:node_modules/fsevents Completed in 133ms
51 timing reify:unpack Completed in 134ms
52 timing reify:unretire Completed in 0ms
53 timing build:queue Completed in 62ms
54 timing build:deps Completed in 63ms
55 timing build Completed in 63ms
56 timing reify:build Completed in 64ms
57 timing reify:trash Completed in 8ms
58 timing reify:save Completed in 313ms
59 http fetch POST 200 https://registry.npmjs.org/-/npm/v1/security/advisories/bulk 780ms
60 timing auditReport:getReport Completed in 793ms
61 silly audit report {
61 silly audit report   'ansi-regex': [
61 silly audit report     {
61 silly audit report       id: 1091188,
61 silly audit report       url: 'https://github.com/advisories/GHSA-93q8-gq69-wqmw',
61 silly audit report       title: 'Inefficient Regular Expression Complexity in chalk/ansi-regex',
61 silly audit report       severity: 'high',
61 silly audit report       vulnerable_versions: '>=3.0.0 <3.0.1',
61 silly audit report       cwe: [Array],
61 silly audit report       cvss: [Object]
61 silly audit report     },
61 silly audit report     {
61 silly audit report       id: 1091189,
61 silly audit report       url: 'https://github.com/advisories/GHSA-93q8-gq69-wqmw',
61 silly audit report       title: 'Inefficient Regular Expression Complexity in chalk/ansi-regex',
61 silly audit report       severity: 'high',
61 silly audit report       vulnerable_versions: '>=4.0.0 <4.1.1',
61 silly audit report       cwe: [Array],
61 silly audit report       cvss: [Object]
61 silly audit report     }
61 silly audit report   ],
61 silly audit report   dicer: [
61 silly audit report     {
61 silly audit report       id: 1088997,
61 silly audit report       url: 'https://github.com/advisories/GHSA-wm7h-9275-46v2',
61 silly audit report       title: 'Crash in HeaderParser in dicer',
61 silly audit report       severity: 'high',
61 silly audit report       vulnerable_versions: '<=0.3.1',
61 silly audit report       cwe: [Array],
61 silly audit report       cvss: [Object]
61 silly audit report     }
61 silly audit report   ],
61 silly audit report   flat: [
61 silly audit report     {
61 silly audit report       id: 1089152,
61 silly audit report       url: 'https://github.com/advisories/GHSA-2j2x-2gpw-g8fm',
61 silly audit report       title: 'flat vulnerable to Prototype Pollution',
61 silly audit report       severity: 'critical',
61 silly audit report       vulnerable_versions: '<5.0.1',
61 silly audit report       cwe: [Array],
61 silly audit report       cvss: [Object]
61 silly audit report     }
61 silly audit report   ],
61 silly audit report   minimatch: [
61 silly audit report     {
61 silly audit report       id: 1091174,
61 silly audit report       url: 'https://github.com/advisories/GHSA-f8q6-p94x-37v3',
61 silly audit report       title: 'minimatch ReDoS vulnerability',
61 silly audit report       severity: 'high',
61 silly audit report       vulnerable_versions: '<3.0.5',
61 silly audit report       cwe: [Array],
61 silly audit report       cvss: [Object]
61 silly audit report     }
61 silly audit report   ]
61 silly audit report }
62 timing metavuln:cache:get:security-advisory:ansi-regex:oo1ZSOgPmBNsdq+tLSA341xHifWwQU6th08IU/x3kNbL4DHpTz28KaE8zaIb9xCcd5mWTWr0I78I8p0iMfe+lw== Completed in 381ms
63 timing metavuln:cache:get:security-advisory:ansi-regex:kZoPU7DsYWQg5RDm3Af4PjMM/cZa14RCuvzcVx6EiJboxeFKQi+v9rH7GotI1GI9/6vmMBGMEEbam4Uap9VHqQ== Completed in 379ms
64 timing metavuln:cache:get:security-advisory:flat:z3OH43IttXo+z7LyYZGjV9ezFJjTYE9u/8pOn9aORJUn5QwZER2rhxEH2pthmfPYGAXCYPEBHVo54GQ2CdGuYQ== Completed in 320ms
65 timing metavuln:cache:get:security-advisory:dicer:8g40CXZY+FzIb3W31NKKUXNxgbet6ByQHcnh+18axcntfJBsVXPkzhFYIsMHoEDMhklFeqInvb0PmrMesOtmtg== Completed in 325ms
66 timing metavuln:cache:get:security-advisory:minimatch:S5+Js3meY0qRszNElkXnCazKgbbbzGIyrG7ktvG3xQfp8dnhcBxsD5WFYwD/IyJDHetpiaS9EtV2pvsSOwZcTg== Completed in 321ms
67 http fetch GET 200 https://registry.npmjs.org/ansi-regex 2095ms (cache revalidated)
68 timing metavuln:packument:ansi-regex Completed in 2098ms
69 timing metavuln:load:security-advisory:ansi-regex:1091188 Completed in 2ms
70 timing metavuln:calculate:security-advisory:ansi-regex:1091188 Completed in 2102ms
71 timing metavuln:load:security-advisory:ansi-regex:1091189 Completed in 0ms
72 timing metavuln:calculate:security-advisory:ansi-regex:1091189 Completed in 2100ms
73 http fetch GET 200 https://registry.npmjs.org/flat 2036ms (cache revalidated)
74 timing metavuln:packument:flat Completed in 2039ms
75 timing metavuln:load:security-advisory:flat:1089152 Completed in 0ms
76 timing metavuln:calculate:security-advisory:flat:1089152 Completed in 2039ms
77 http fetch GET 200 https://registry.npmjs.org/minimatch 2037ms (cache revalidated)
78 timing metavuln:packument:minimatch Completed in 2096ms
79 timing metavuln:load:security-advisory:minimatch:1091174 Completed in 13ms
80 timing metavuln:calculate:security-advisory:minimatch:1091174 Completed in 2110ms
81 http fetch GET 200 https://registry.npmjs.org/dicer 2125ms (cache revalidated)
82 timing metavuln:packument:dicer Completed in 2126ms
83 timing metavuln:load:security-advisory:dicer:1088997 Completed in 0ms
84 timing metavuln:calculate:security-advisory:dicer:1088997 Completed in 2130ms
85 timing metavuln:cache:get:security-advisory:strip-ansi:R9eGhBaRhQAKHASRzX88H2AmoV7EEzasg5A43U/RgaOhz0tv4AT4/b4gw7fsbZ/nrnn2j5DaLEu8vdzOfPTXbQ== Completed in 272ms
86 http fetch GET 200 https://registry.npmjs.org/strip-ansi 439ms (cache revalidated)
87 timing metavuln:packument:strip-ansi Completed in 443ms
88 timing metavuln:load:security-advisory:strip-ansi:oo1ZSOgPmBNsdq+tLSA341xHifWwQU6th08IU/x3kNbL4DHpTz28KaE8zaIb9xCcd5mWTWr0I78I8p0iMfe+lw== Completed in 0ms
89 timing metavuln:calculate:security-advisory:strip-ansi:oo1ZSOgPmBNsdq+tLSA341xHifWwQU6th08IU/x3kNbL4DHpTz28KaE8zaIb9xCcd5mWTWr0I78I8p0iMfe+lw== Completed in 443ms
90 timing metavuln:cache:get:security-advisory:strip-ansi:oMc7Nrt2xHnfPDGdYett41vVWQODY5DZvWJj0a9/A74nhuVLXHD7vOTcIiamQIByURe2dRJR+HKhyqouZXBQxQ== Completed in 4ms
91 timing metavuln:load:security-advisory:strip-ansi:kZoPU7DsYWQg5RDm3Af4PjMM/cZa14RCuvzcVx6EiJboxeFKQi+v9rH7GotI1GI9/6vmMBGMEEbam4Uap9VHqQ== Completed in 0ms
92 timing metavuln:calculate:security-advisory:strip-ansi:kZoPU7DsYWQg5RDm3Af4PjMM/cZa14RCuvzcVx6EiJboxeFKQi+v9rH7GotI1GI9/6vmMBGMEEbam4Uap9VHqQ== Completed in 4ms
93 timing metavuln:cache:get:security-advisory:busboy:Pjdnb847TPH3Ln7QBNOzdSfbZm3hzxoZUxBat7L/gP4naX/L1qEg4wYwp+qg45t+qJ32zZFpcu+QL8t201coCg== Completed in 6ms
94 http fetch GET 200 https://registry.npmjs.org/busboy 42ms (cache revalidated)
95 timing metavuln:packument:busboy Completed in 64ms
96 timing metavuln:load:security-advisory:busboy:8g40CXZY+FzIb3W31NKKUXNxgbet6ByQHcnh+18axcntfJBsVXPkzhFYIsMHoEDMhklFeqInvb0PmrMesOtmtg== Completed in 1ms
97 timing metavuln:calculate:security-advisory:busboy:8g40CXZY+FzIb3W31NKKUXNxgbet6ByQHcnh+18axcntfJBsVXPkzhFYIsMHoEDMhklFeqInvb0PmrMesOtmtg== Completed in 66ms
98 timing metavuln:cache:get:security-advisory:yargs-unparser:mk3lK1RIdjYSKhLSF5XP4iF72zE6XntnRqIr5zOn9NCjvcVxLee96mRpcOmvMk0iPzIfEW8ZOpMxf5UpccR3ew== Completed in 158ms
99 http fetch GET 200 https://registry.npmjs.org/yargs-unparser 224ms (cache revalidated)
100 timing metavuln:packument:yargs-unparser Completed in 225ms
101 timing metavuln:load:security-advisory:yargs-unparser:z3OH43IttXo+z7LyYZGjV9ezFJjTYE9u/8pOn9aORJUn5QwZER2rhxEH2pthmfPYGAXCYPEBHVo54GQ2CdGuYQ== Completed in 1ms
102 timing metavuln:calculate:security-advisory:yargs-unparser:z3OH43IttXo+z7LyYZGjV9ezFJjTYE9u/8pOn9aORJUn5QwZER2rhxEH2pthmfPYGAXCYPEBHVo54GQ2CdGuYQ== Completed in 227ms
103 timing metavuln:cache:get:security-advisory:glob:7bg/8fDuiVB8L9eUMPJxYeLVISuUtkyZBu4nuPj3JlFgHfwRDUTXqJGF6FkYPsK2qW3lzTU9RaND5V2qRzjAXA== Completed in 119ms
104 timing metavuln:cache:get:security-advisory:mocha:kw83dBQhL6x8CHi6KTEc0QGLU3wRRI2DkZvQE4lyjHyXKZUG1BmdCtO1NzUG6jYVRehhpzoIm3uLh4VSgnkh8w== Completed in 117ms
105 http fetch GET 200 https://registry.npmjs.org/glob 538ms (cache revalidated)
106 timing metavuln:packument:glob Completed in 547ms
107 timing metavuln:load:security-advisory:glob:S5+Js3meY0qRszNElkXnCazKgbbbzGIyrG7ktvG3xQfp8dnhcBxsD5WFYwD/IyJDHetpiaS9EtV2pvsSOwZcTg== Completed in 2ms
108 timing metavuln:calculate:security-advisory:glob:S5+Js3meY0qRszNElkXnCazKgbbbzGIyrG7ktvG3xQfp8dnhcBxsD5WFYwD/IyJDHetpiaS9EtV2pvsSOwZcTg== Completed in 552ms
109 http fetch GET 200 https://registry.npmjs.org/mocha 551ms (cache revalidated)
110 timing metavuln:packument:mocha Completed in 625ms
111 timing metavuln:load:security-advisory:mocha:S5+Js3meY0qRszNElkXnCazKgbbbzGIyrG7ktvG3xQfp8dnhcBxsD5WFYwD/IyJDHetpiaS9EtV2pvsSOwZcTg== Completed in 2ms
112 timing metavuln:calculate:security-advisory:mocha:S5+Js3meY0qRszNElkXnCazKgbbbzGIyrG7ktvG3xQfp8dnhcBxsD5WFYwD/IyJDHetpiaS9EtV2pvsSOwZcTg== Completed in 630ms
113 timing metavuln:cache:get:security-advisory:mocha:wpv1i8FEnnwX2yRfpUx9uoHCP3KidIq1s6Tf7DBi0tZ2thMo5MMIK/xKJm+8NnfffYn16XmJb6MXli8eGakTUA== Completed in 29ms
114 timing metavuln:load:security-advisory:mocha:mk3lK1RIdjYSKhLSF5XP4iF72zE6XntnRqIr5zOn9NCjvcVxLee96mRpcOmvMk0iPzIfEW8ZOpMxf5UpccR3ew== Completed in 2ms
115 timing metavuln:calculate:security-advisory:mocha:mk3lK1RIdjYSKhLSF5XP4iF72zE6XntnRqIr5zOn9NCjvcVxLee96mRpcOmvMk0iPzIfEW8ZOpMxf5UpccR3ew== Completed in 95ms
116 timing auditReport:init Completed in 4074ms
117 timing reify:audit Completed in 4869ms
118 timing reify Completed in 6809ms
119 silly ADD
120 timing command:install Completed in 6976ms
121 verbose exit 0
122 timing npm Completed in 7407ms
123 info ok
